<?xml version="1.0" encoding="UTF-8"?>
<!-- Generated by org.testng.reporters.JUnitReportReporter -->
<testsuite skipped="0" hostname="Jayarees-MacBook-Pro.local" name="Stepdef.Popbitch.Popbitch_Payment_system_loads_on_one_pound" tests="10" failures="0" timestamp="18 Nov 2019 15:47:08 GMT" time="39.580" errors="0">
  <testcase name="i_am_a_user_of_Axate_and_I_am_on_the_registration_page_through_popbitch_Wallet_homepages" time="6.531" classname="Stepdef.Popbitch.Popbitch_Payment_system_loads_on_one_pound"/>
  <testcase name="i_am_a_user_of_Axate_and_I_am_on_the_registration_page_through_popbitch_Wallet_homepages" time="5.258" classname="Stepdef.Popbitch.Popbitch_Payment_system_loads_on_one_pound"/>
  <testcase name="i_enter_all_the_required_details_on_step_one_and_click_on_continue" time="13.465" classname="Stepdef.Popbitch.Popbitch_Payment_system_loads_on_one_pound"/>
  <testcase name="i_enter_all_the_required_details_on_step_one_and_click_on_continue" time="14.168" classname="Stepdef.Popbitch.Popbitch_Payment_system_loads_on_one_pound"/>
  <testcase name="i_click_on_one_pound_on_regpage_two" time="0.001" classname="Stepdef.Popbitch.Popbitch_Payment_system_loads_on_one_pound"/>
  <testcase name="i_click_on_one_pound_on_regpage_two" time="0.000" classname="Stepdef.Popbitch.Popbitch_Payment_system_loads_on_one_pound"/>
  <testcase name="payment_system_displays_card_option" time="0.051" classname="Stepdef.Popbitch.Popbitch_Payment_system_loads_on_one_pound"/>
  <testcase name="payment_system_displays_card_option" time="0.028" classname="Stepdef.Popbitch.Popbitch_Payment_system_loads_on_one_pound"/>
  <testcase name="payment_system_displays_paypal_option" time="0.026" classname="Stepdef.Popbitch.Popbitch_Payment_system_loads_on_one_pound"/>
  <testcase name="payment_system_displays_paypal_option" time="0.052" classname="Stepdef.Popbitch.Popbitch_Payment_system_loads_on_one_pound"/>
</testsuite> <!-- Stepdef.Popbitch.Popbitch_Payment_system_loads_on_one_pound -->
