<?xml version="1.0" encoding="UTF-8"?>
<!-- Generated by org.testng.reporters.JUnitReportReporter -->
<testsuite skipped="0" hostname="Jayarees-MacBook-Pro.local" name="Stepdef.Popbitch.Popbitch_Payment_system_loads_on_five_pounds" tests="5" failures="0" timestamp="18 Nov 2019 16:20:25 GMT" time="26.304" errors="0">
  <testcase name="i_am_a_user_of_Axate_and_I_am_on_the_registration_page_through_popbitch_Wallet_homepages" time="7.774" classname="Stepdef.Popbitch.Popbitch_Payment_system_loads_on_five_pounds"/>
  <testcase name="i_enter_all_the_required_details_on_step_one_and_click_on_continue" time="13.434" classname="Stepdef.Popbitch.Popbitch_Payment_system_loads_on_five_pounds"/>
  <testcase name="i_click_on_five_pounds_on_regpage_two" time="0.265" classname="Stepdef.Popbitch.Popbitch_Payment_system_loads_on_five_pounds"/>
  <testcase name="payment_system_displays_card_option" time="1.207" classname="Stepdef.Popbitch.Popbitch_Payment_system_loads_on_five_pounds"/>
  <testcase name="payment_system_displays_paypal_option" time="3.624" classname="Stepdef.Popbitch.Popbitch_Payment_system_loads_on_five_pounds"/>
</testsuite> <!-- Stepdef.Popbitch.Popbitch_Payment_system_loads_on_five_pounds -->
