<?xml version="1.0" encoding="UTF-8"?>
<!-- Generated by org.testng.reporters.JUnitReportReporter -->
<testsuite skipped="0" hostname="Jayarees-MacBook-Pro.local" name="Stepdef.Popbitch.Popbitch_successfull_signup_with_3_pounds" tests="7" failures="0" timestamp="18 Nov 2019 16:58:20 GMT" time="33.531" errors="0">
  <testcase name="i_am_a_user_of_Axate_and_I_am_on_the_registration_page_through_popbitch_FUN" time="6.565" classname="Stepdef.Popbitch.Popbitch_successfull_signup_with_3_pounds"/>
  <testcase name="i_enter_all_the_required_details_on_step_one_and_click_on_continue" time="8.884" classname="Stepdef.Popbitch.Popbitch_successfull_signup_with_3_pounds"/>
  <testcase name="i_click_on_three_pounds_on_regpage_two" time="0.776" classname="Stepdef.Popbitch.Popbitch_successfull_signup_with_3_pounds"/>
  <testcase name="enter_valid_card_details_and_click_on_continue" time="7.983" classname="Stepdef.Popbitch.Popbitch_successfull_signup_with_3_pounds"/>
  <testcase name="i_get_a_funded_axate_wallet_with_three_pounds_in_it" time="9.167" classname="Stepdef.Popbitch.Popbitch_successfull_signup_with_3_pounds"/>
  <testcase name="navigated_to_the_same_article" time="0.005" classname="Stepdef.Popbitch.Popbitch_successfull_signup_with_3_pounds"/>
  <testcase name="finish_notice_appears" time="0.151" classname="Stepdef.Popbitch.Popbitch_successfull_signup_with_3_pounds"/>
</testsuite> <!-- Stepdef.Popbitch.Popbitch_successfull_signup_with_3_pounds -->
