<?xml version="1.0" encoding="UTF-8"?>
<!-- Generated by org.testng.reporters.JUnitReportReporter -->
<testsuite skipped="0" hostname="Jayarees-MacBook-Pro.local" name="Stepdef.Maidenhead.POPSMO12_Maidenhead_State_Postcode_Required_when_US_Selected_on_regpage2" tests="7" failures="0" timestamp="22 Nov 2019 14:51:54 GMT" time="24.754" errors="0">
  <testcase name="i_am_a_user_of_Axate_and_I_am_on_the_registration_page_through_maidenhead_FUN" time="7.256" classname="Stepdef.Maidenhead.POPSMO12_Maidenhead_State_Postcode_Required_when_US_Selected_on_regpage2"/>
  <testcase name="i_enter_all_the_required_details_on_step_one_and_click_on_continue" time="13.538" classname="Stepdef.Maidenhead.POPSMO12_Maidenhead_State_Postcode_Required_when_US_Selected_on_regpage2"/>
  <testcase name="i_click_on_one_pound_on_regpage_two" time="0.001" classname="Stepdef.Maidenhead.POPSMO12_Maidenhead_State_Postcode_Required_when_US_Selected_on_regpage2"/>
  <testcase name="enter_valid_card_details" time="3.652" classname="Stepdef.Maidenhead.POPSMO12_Maidenhead_State_Postcode_Required_when_US_Selected_on_regpage2"/>
  <testcase name="i_select_country_as_United_states_from_the_drop_down_on_reg_page_two" time="0.170" classname="Stepdef.Maidenhead.POPSMO12_Maidenhead_State_Postcode_Required_when_US_Selected_on_regpage2"/>
  <testcase name="state_is_displayed" time="0.074" classname="Stepdef.Maidenhead.POPSMO12_Maidenhead_State_Postcode_Required_when_US_Selected_on_regpage2"/>
  <testcase name="postcode_is_displayed" time="0.063" classname="Stepdef.Maidenhead.POPSMO12_Maidenhead_State_Postcode_Required_when_US_Selected_on_regpage2"/>
</testsuite> <!-- Stepdef.Maidenhead.POPSMO12_Maidenhead_State_Postcode_Required_when_US_Selected_on_regpage2 -->
