<?xml version="1.0" encoding="UTF-8"?>
<!-- Generated by org.testng.reporters.JUnitReportReporter -->
<testsuite skipped="0" hostname="Jayarees-MacBook-Pro.local" name="Stepdef.Top_up" tests="1" failures="0" timestamp="25 Oct 2019 10:30:09 GMT" time="51.280" errors="0">
  <testcase name="Login_to_popbitch" time="51.280" classname="Stepdef.Top_up"/>
</testsuite> <!-- Stepdef.Top_up -->
