<?xml version="1.0" encoding="UTF-8"?>
<!-- Generated by org.testng.reporters.JUnitReportReporter -->
<testsuite skipped="0" hostname="Jayarees-MacBook-Pro.local" name="Stepdef.Maidenhead.POPSMO04_maidenhead_Payment_system_loads_on_one_pound" tests="5" failures="0" timestamp="22 Nov 2019 14:34:50 GMT" time="22.765" errors="0">
  <testcase name="i_am_a_user_of_Axate_and_I_am_on_the_registration_page_through_maidenhead_Wallet_homepages" time="9.056" classname="Stepdef.Maidenhead.POPSMO04_maidenhead_Payment_system_loads_on_one_pound"/>
  <testcase name="i_enter_all_the_required_details_on_step_one_and_click_on_continue" time="13.515" classname="Stepdef.Maidenhead.POPSMO04_maidenhead_Payment_system_loads_on_one_pound"/>
  <testcase name="i_click_on_one_pound_on_regpage_two" time="0.001" classname="Stepdef.Maidenhead.POPSMO04_maidenhead_Payment_system_loads_on_one_pound"/>
  <testcase name="payment_system_displays_card_option" time="0.031" classname="Stepdef.Maidenhead.POPSMO04_maidenhead_Payment_system_loads_on_one_pound"/>
  <testcase name="payment_system_displays_paypal_option" time="0.162" classname="Stepdef.Maidenhead.POPSMO04_maidenhead_Payment_system_loads_on_one_pound"/>
</testsuite> <!-- Stepdef.Maidenhead.POPSMO04_maidenhead_Payment_system_loads_on_one_pound -->
