<?xml version="1.0" encoding="UTF-8"?>
<!-- Generated by org.testng.reporters.JUnitReportReporter -->
<testsuite skipped="0" hostname="Jayarees-MacBook-Pro.local" name="Stepdef.Popbitch.POPSMO01" tests="1" failures="0" timestamp="13 Nov 2019 11:34:06 GMT" time="4.005" errors="0">
  <testcase name="i_am_a_user_of_Axate_and_I_am_on_the_registration_page_through_popbitch_FUN" time="4.005" classname="Stepdef.Popbitch.POPSMO01"/>
</testsuite> <!-- Stepdef.Popbitch.POPSMO01 -->
