<?xml version="1.0" encoding="UTF-8"?>
<!-- Generated by org.testng.reporters.JUnitReportReporter -->
<testsuite skipped="0" hostname="Jayarees-MacBook-Pro.local" name="Stepdef.Maidenhead.POPSMO01_maidenhead_register_from_first_use_notice" tests="6" failures="0" timestamp="22 Nov 2019 14:01:39 GMT" time="37.494" errors="0">
  <testcase name="i_am_a_user_of_Axate_and_I_am_on_the_registration_page_through_maidenhead_FUN" time="8.463" classname="Stepdef.Maidenhead.POPSMO01_maidenhead_register_from_first_use_notice"/>
  <testcase name="i_enter_all_the_required_details_on_step_one_and_click_on_continue" time="13.622" classname="Stepdef.Maidenhead.POPSMO01_maidenhead_register_from_first_use_notice"/>
  <testcase name="top_up_with_a_valid_card_in_steptwo_with_one_pound_and_click_on_continue" time="5.745" classname="Stepdef.Maidenhead.POPSMO01_maidenhead_register_from_first_use_notice"/>
  <testcase name="i_get_a_funded_axate_wallet_with_one_pound_in_it" time="9.478" classname="Stepdef.Maidenhead.POPSMO01_maidenhead_register_from_first_use_notice"/>
  <testcase name="navigated_to_the_same_article" time="0.004" classname="Stepdef.Maidenhead.POPSMO01_maidenhead_register_from_first_use_notice"/>
  <testcase name="finish_notice_appears" time="0.182" classname="Stepdef.Maidenhead.POPSMO01_maidenhead_register_from_first_use_notice"/>
</testsuite> <!-- Stepdef.Maidenhead.POPSMO01_maidenhead_register_from_first_use_notice -->
