<?xml version="1.0" encoding="UTF-8"?>
<!-- Generated by org.testng.reporters.JUnitReportReporter -->
<testsuite skipped="0" hostname="Jayarees-MacBook-Pro.local" name="Stepdef.Popbitch.POPSMO09_Popbitch_successfull_signup_with_5_pounds" tests="7" failures="0" timestamp="19 Nov 2019 11:24:56 GMT" time="36.098" errors="0">
  <testcase name="i_am_a_user_of_Axate_and_I_am_on_the_registration_page_through_popbitch_FUN" time="8.079" classname="Stepdef.Popbitch.POPSMO09_Popbitch_successfull_signup_with_5_pounds"/>
  <testcase name="i_enter_all_the_required_details_on_step_one_and_click_on_continue" time="8.899" classname="Stepdef.Popbitch.POPSMO09_Popbitch_successfull_signup_with_5_pounds"/>
  <testcase name="i_click_on_five_pounds_on_regpage_two" time="0.825" classname="Stepdef.Popbitch.POPSMO09_Popbitch_successfull_signup_with_5_pounds"/>
  <testcase name="enter_valid_card_details_and_click_on_continue" time="9.079" classname="Stepdef.Popbitch.POPSMO09_Popbitch_successfull_signup_with_5_pounds"/>
  <testcase name="i_get_a_funded_axate_wallet_with_five_pounds_in_it" time="9.050" classname="Stepdef.Popbitch.POPSMO09_Popbitch_successfull_signup_with_5_pounds"/>
  <testcase name="navigated_to_the_same_article" time="0.010" classname="Stepdef.Popbitch.POPSMO09_Popbitch_successfull_signup_with_5_pounds"/>
  <testcase name="finish_notice_appears" time="0.156" classname="Stepdef.Popbitch.POPSMO09_Popbitch_successfull_signup_with_5_pounds"/>
</testsuite> <!-- Stepdef.Popbitch.POPSMO09_Popbitch_successfull_signup_with_5_pounds -->
