<?xml version="1.0" encoding="UTF-8"?>
<!-- Generated by org.testng.reporters.JUnitReportReporter -->
<testsuite skipped="0" hostname="Jayarees-MacBook-Pro.local" name="Stepdef.Cricketer_login_first_use_notice" tests="6" failures="0" timestamp="27 Sep 2019 09:04:20 GMT" time="81.383" errors="0">
  <testcase name="i_am_a_registered_user_of_Cricketer_and_I_open_a_browser" time="0.869" classname="Stepdef.Cricketer_login_first_use_notice"/>
  <testcase name="i_navigate_to_a_premium_article_on_Cricketer" time="13.190" classname="Stepdef.Cricketer_login_first_use_notice"/>
  <testcase name="i_click_on_Login_from_Cricketer_First_use_notice" time="21.080" classname="Stepdef.Cricketer_login_first_use_notice"/>
  <testcase name="i_verify_that_the_Login_Button_Navigates_me_to_the_login_page_to_log_me_in_to_Cricketer" time="10.305" classname="Stepdef.Cricketer_login_first_use_notice"/>
  <testcase name="entering_the_correct_email_and_password_logs_me_in_to_Cricketer" time="7.321" classname="Stepdef.Cricketer_login_first_use_notice"/>
  <testcase name="verify_that_I_am_being_navigated_to_the_same_article_on_cricketer" time="28.618" classname="Stepdef.Cricketer_login_first_use_notice"/>
</testsuite> <!-- Stepdef.Cricketer_login_first_use_notice -->
