<?xml version="1.0" encoding="UTF-8"?>
<!-- Generated by org.testng.reporters.JUnitReportReporter -->
<testsuite skipped="0" hostname="Jayarees-MacBook-Pro.local" name="Stepdef.Popbitch.Popbitch_register_from_wallet" tests="10" failures="0" timestamp="18 Nov 2019 15:47:08 GMT" time="66.841" errors="0">
  <testcase name="i_am_a_user_of_Axate_and_I_am_on_the_registration_page_through_popbitch_Wallet_homepages" time="6.979" classname="Stepdef.Popbitch.Popbitch_register_from_wallet"/>
  <testcase name="i_am_a_user_of_Axate_and_I_am_on_the_registration_page_through_popbitch_Wallet_homepages" time="5.159" classname="Stepdef.Popbitch.Popbitch_register_from_wallet"/>
  <testcase name="i_enter_all_the_required_details_on_step_one_and_click_on_continue" time="13.167" classname="Stepdef.Popbitch.Popbitch_register_from_wallet"/>
  <testcase name="i_enter_all_the_required_details_on_step_one_and_click_on_continue" time="12.891" classname="Stepdef.Popbitch.Popbitch_register_from_wallet"/>
  <testcase name="top_up_with_a_valid_card_in_steptwo_with_one_pound_and_click_on_continue" time="3.703" classname="Stepdef.Popbitch.Popbitch_register_from_wallet"/>
  <testcase name="top_up_with_a_valid_card_in_steptwo_with_one_pound_and_click_on_continue" time="3.808" classname="Stepdef.Popbitch.Popbitch_register_from_wallet"/>
  <testcase name="i_get_a_funded_axate_wallet_with_one_pound_in_it" time="8.597" classname="Stepdef.Popbitch.Popbitch_register_from_wallet"/>
  <testcase name="i_get_a_funded_axate_wallet_with_one_pound_in_it" time="8.747" classname="Stepdef.Popbitch.Popbitch_register_from_wallet"/>
  <testcase name="navigated_to_popbitch_com" time="0.104" classname="Stepdef.Popbitch.Popbitch_register_from_wallet"/>
  <testcase name="navigated_to_popbitch_com" time="3.686" classname="Stepdef.Popbitch.Popbitch_register_from_wallet"/>
</testsuite> <!-- Stepdef.Popbitch.Popbitch_register_from_wallet -->
