<?xml version="1.0" encoding="UTF-8"?>
<!-- Generated by org.testng.reporters.JUnitReportReporter -->
<testsuite skipped="0" hostname="Jayarees-MacBook-Pro.local" name="Stepdef.Maidenhead.POPSMO03_maidenhead_register_from_login_page" tests="7" failures="0" timestamp="11 Feb 2020 12:33:12 GMT" time="72.642" errors="0">
  <testcase name="i_am_a_user_of_Axate_and_I_am_on_the_login_page_through_maidenhead_FUN" time="28.587" classname="Stepdef.Maidenhead.POPSMO03_maidenhead_register_from_login_page"/>
  <testcase name="I_click_on_register_here_on_the_login_page" time="0.487" classname="Stepdef.Maidenhead.POPSMO03_maidenhead_register_from_login_page"/>
  <testcase name="i_enter_all_the_required_details_on_step_one_and_click_on_continue" time="19.868" classname="Stepdef.Maidenhead.POPSMO03_maidenhead_register_from_login_page"/>
  <testcase name="top_up_with_a_valid_card_in_steptwo_with_one_pound_and_click_on_continue" time="5.704" classname="Stepdef.Maidenhead.POPSMO03_maidenhead_register_from_login_page"/>
  <testcase name="i_get_a_funded_axate_wallet_with_one_pound_in_it" time="17.936" classname="Stepdef.Maidenhead.POPSMO03_maidenhead_register_from_login_page"/>
  <testcase name="navigated_to_the_same_article" time="0.004" classname="Stepdef.Maidenhead.POPSMO03_maidenhead_register_from_login_page"/>
  <testcase name="finish_notice_appears" time="0.056" classname="Stepdef.Maidenhead.POPSMO03_maidenhead_register_from_login_page"/>
</testsuite> <!-- Stepdef.Maidenhead.POPSMO03_maidenhead_register_from_login_page -->
