<?xml version="1.0" encoding="UTF-8"?>
<!-- Generated by org.testng.reporters.JUnitReportReporter -->
<testsuite skipped="0" hostname="Jayarees-MacBook-Pro.local" name="Stepdef.POPSMO01" tests="6" failures="0" timestamp="13 Nov 2019 11:40:49 GMT" time="26.644" errors="0">
  <testcase name="i_am_a_user_of_Axate_and_I_am_on_the_registration_page_through_popbitch_FUN" time="3.940" classname="Stepdef.POPSMO01"/>
  <testcase name="i_enter_all_the_required_details_on_step_one_and_click_on_continue" time="13.032" classname="Stepdef.POPSMO01"/>
  <testcase name="top_up_with_a_valid_card_in_steptwo_with_one_pound_and_click_on_continue" time="0.713" classname="Stepdef.POPSMO01"/>
  <testcase name="i_get_a_funded_axate_wallet_with_one_pound_in_it" time="8.806" classname="Stepdef.POPSMO01"/>
  <testcase name="navigated_to_the_same_article" time="0.004" classname="Stepdef.POPSMO01"/>
  <testcase name="finish_notice_appears" time="0.149" classname="Stepdef.POPSMO01"/>
</testsuite> <!-- Stepdef.POPSMO01 -->
