<?xml version="1.0" encoding="UTF-8"?>
<!-- Generated by org.testng.reporters.JUnitReportReporter -->
<testsuite skipped="0" hostname="Jayarees-MacBook-Pro.local" name="Stepdef.popbitch_transaction" tests="8" failures="0" timestamp="25 Sep 2019 11:19:36 GMT" time="492.906" errors="0">
  <testcase name="i_am_a_registered_Agate_User_and_I_login_in_to_popbitch_staging_with_username_as_and_password_as" time="67.886" classname="Stepdef.popbitch_transaction"/>
  <testcase name="i_read_a_premium_article" time="16.959" classname="Stepdef.popbitch_transaction"/>
  <testcase name="the_wallet_balance_and_free_point_are_deducted_by_p" time="2.004" classname="Stepdef.popbitch_transaction"/>
  <testcase name="the_New_European_wallet_balance_is_updated_same_as_popbitch_and_free_point_remains_uneffected" time="0.001" classname="Stepdef.popbitch_transaction"/>
  <testcase name="reactions_wallet_balance_is_updated_and_free_point_remains_uneffected" time="75.115" classname="Stepdef.popbitch_transaction"/>
  <testcase name="Cornwall_wallet_balance_is_updated_and_free_point_remains_uneffected" time="123.490" classname="Stepdef.popbitch_transaction"/>
  <testcase name="cricketer_wallet_balance_remains_and_is_uneffected" time="99.896" classname="Stepdef.popbitch_transaction"/>
  <testcase name="slough_wallet_balance_remains_and_is_uneffected_by_popbitch" time="107.555" classname="Stepdef.popbitch_transaction"/>
</testsuite> <!-- Stepdef.popbitch_transaction -->
