<?xml version="1.0" encoding="UTF-8"?>
<!-- Generated by org.testng.reporters.JUnitReportReporter -->
<testsuite skipped="0" hostname="Jayarees-MacBook-Pro.local" name="Stepdef.Maidenhead.POPSMO04_maidenhead_Payment_system_loads_on_one_pound" tests="5" failures="0" timestamp="11 Feb 2020 12:33:07 GMT" time="54.792" errors="0">
  <testcase name="i_am_a_user_of_Axate_and_I_am_on_the_registration_page_through_maidenhead_Wallet_homepages" time="34.641" classname="Stepdef.Maidenhead.POPSMO04_maidenhead_Payment_system_loads_on_one_pound"/>
  <testcase name="i_enter_all_the_required_details_on_step_one_and_click_on_continue" time="19.976" classname="Stepdef.Maidenhead.POPSMO04_maidenhead_Payment_system_loads_on_one_pound"/>
  <testcase name="i_click_on_one_pound_on_regpage_two" time="0.000" classname="Stepdef.Maidenhead.POPSMO04_maidenhead_Payment_system_loads_on_one_pound"/>
  <testcase name="payment_system_displays_card_option" time="0.027" classname="Stepdef.Maidenhead.POPSMO04_maidenhead_Payment_system_loads_on_one_pound"/>
  <testcase name="payment_system_displays_paypal_option" time="0.148" classname="Stepdef.Maidenhead.POPSMO04_maidenhead_Payment_system_loads_on_one_pound"/>
</testsuite> <!-- Stepdef.Maidenhead.POPSMO04_maidenhead_Payment_system_loads_on_one_pound -->
