<?xml version="1.0" encoding="UTF-8"?>
<!-- Generated by org.testng.reporters.JUnitReportReporter -->
<testsuite skipped="0" hostname="Jayarees-MacBook-Pro.local" name="Stepdef.Maidenhead.POPSMO11_Maidenhead_Axate_lets_user_select_their_country" tests="6" failures="0" timestamp="22 Nov 2019 14:49:04 GMT" time="36.207" errors="0">
  <testcase name="i_am_a_user_of_Axate_and_I_am_on_the_registration_page_through_maidenhead_FUN" time="6.929" classname="Stepdef.Maidenhead.POPSMO11_Maidenhead_Axate_lets_user_select_their_country"/>
  <testcase name="i_enter_all_the_required_details_on_step_one_and_click_on_continue" time="12.652" classname="Stepdef.Maidenhead.POPSMO11_Maidenhead_Axate_lets_user_select_their_country"/>
  <testcase name="i_click_on_one_pound_on_regpage_two" time="0.001" classname="Stepdef.Maidenhead.POPSMO11_Maidenhead_Axate_lets_user_select_their_country"/>
  <testcase name="enter_valid_card_details" time="3.652" classname="Stepdef.Maidenhead.POPSMO11_Maidenhead_Axate_lets_user_select_their_country"/>
  <testcase name="i_select_country_as_spain_from_the_drop_down_on_reg_page_two" time="0.196" classname="Stepdef.Maidenhead.POPSMO11_Maidenhead_Axate_lets_user_select_their_country"/>
  <testcase name="country_in_the_personal_information_page_in_the_account_page_is_spain" time="12.777" classname="Stepdef.Maidenhead.POPSMO11_Maidenhead_Axate_lets_user_select_their_country"/>
</testsuite> <!-- Stepdef.Maidenhead.POPSMO11_Maidenhead_Axate_lets_user_select_their_country -->
