<?xml version="1.0" encoding="UTF-8"?>
<!-- Generated by org.testng.reporters.JUnitReportReporter -->
<testsuite skipped="0" hostname="Jayarees-MacBook-Pro.local" name="Stepdef.Popbitch.Popbitch_Payment_system_loads_on_three_pounds" tests="5" failures="0" timestamp="18 Nov 2019 16:10:41 GMT" time="22.129" errors="0">
  <testcase name="i_am_a_user_of_Axate_and_I_am_on_the_registration_page_through_popbitch_Wallet_homepages" time="6.293" classname="Stepdef.Popbitch.Popbitch_Payment_system_loads_on_three_pounds"/>
  <testcase name="i_enter_all_the_required_details_on_step_one_and_click_on_continue" time="13.547" classname="Stepdef.Popbitch.Popbitch_Payment_system_loads_on_three_pounds"/>
  <testcase name="i_click_on_three_pounds_on_regpage_two" time="0.092" classname="Stepdef.Popbitch.Popbitch_Payment_system_loads_on_three_pounds"/>
  <testcase name="payment_system_displays_card_option" time="2.168" classname="Stepdef.Popbitch.Popbitch_Payment_system_loads_on_three_pounds"/>
  <testcase name="payment_system_displays_paypal_option" time="0.029" classname="Stepdef.Popbitch.Popbitch_Payment_system_loads_on_three_pounds"/>
</testsuite> <!-- Stepdef.Popbitch.Popbitch_Payment_system_loads_on_three_pounds -->
