<?xml version="1.0" encoding="UTF-8"?>
<!-- Generated by org.testng.reporters.JUnitReportReporter -->
<testsuite skipped="0" hostname="Jayarees-MacBook-Pro.local" name="Stepdef.Fenland_Register" tests="6" failures="0" timestamp="16 Sep 2019 09:38:16 GMT" time="159.557" errors="0">
  <testcase name="i_am_not_a_user_of_agate_on_fenland_and_I_open_a_browser" time="2.033" classname="Stepdef.Fenland_Register"/>
  <testcase name="i_navigate_to_a_premium_article_on_fenland" time="13.330" classname="Stepdef.Fenland_Register"/>
  <testcase name="i_click_on_the_create_wallet_button_on_fenland" time="22.818" classname="Stepdef.Fenland_Register"/>
  <testcase name="i_verify_that_the_create_wallet_button_takes_me_to_the_reg_page_on_fenland" time="12.036" classname="Stepdef.Fenland_Register"/>
  <testcase name="i_enter_all_the_details_successfully_on_reg_page_of_fenland" time="56.591" classname="Stepdef.Fenland_Register"/>
  <testcase name="i_am_registered_as_an_agate_user_on_fenland_successfully_and_I_am_shown_a_first_use_notice" time="52.749" classname="Stepdef.Fenland_Register"/>
</testsuite> <!-- Stepdef.Fenland_Register -->
