<?xml version="1.0" encoding="UTF-8"?>
<!-- Generated by org.testng.reporters.JUnitReportReporter -->
<testsuite skipped="0" hostname="Jayarees-MacBook-Pro.local" name="Stepdef.Maidenhead.MAISMO17_Transaction_from_finish_notice" tests="6" failures="0" timestamp="25 Nov 2019 17:44:01 GMT" time="61.809" errors="0">
  <testcase name="i_am_a_user_of_Axate_and_I_am_on_the_registration_page_through_popbitch_FUN" time="13.154" classname="Stepdef.Maidenhead.MAISMO17_Transaction_from_finish_notice"/>
  <testcase name="i_register_successfully_on_popbitch_with_one_pound" time="32.006" classname="Stepdef.Maidenhead.MAISMO17_Transaction_from_finish_notice"/>
  <testcase name="opt_just_charge_me_on_the_finish_notice_and_click_ok" time="0.089" classname="Stepdef.Maidenhead.MAISMO17_Transaction_from_finish_notice"/>
  <testcase name="twentyfivep_is_displayed_on_the_green_tab" time="0.555" classname="Stepdef.Maidenhead.MAISMO17_Transaction_from_finish_notice"/>
  <testcase name="wallet_balance_is_detucted_by_twentyfivep" time="9.847" classname="Stepdef.Maidenhead.MAISMO17_Transaction_from_finish_notice"/>
  <testcase name="free_point_is_detucted_by_twentyfivep" time="6.158" classname="Stepdef.Maidenhead.MAISMO17_Transaction_from_finish_notice"/>
</testsuite> <!-- Stepdef.Maidenhead.MAISMO17_Transaction_from_finish_notice -->
