<?xml version="1.0" encoding="UTF-8"?>
<!-- Generated by org.testng.reporters.JUnitReportReporter -->
<testsuite skipped="0" hostname="Jayarees-MacBook-Pro.local" name="Stepdef.Popbitch.POPSMO02" tests="1" failures="0" timestamp="13 Nov 2019 11:34:06 GMT" time="5.039" errors="0">
  <testcase name="i_am_a_user_of_Axate_and_I_am_on_the_registration_page_through_popbitch_Wallet_homepages" time="5.039" classname="Stepdef.Popbitch.POPSMO02"/>
</testsuite> <!-- Stepdef.Popbitch.POPSMO02 -->
