<?xml version="1.0" encoding="UTF-8"?>
<!-- Generated by org.testng.reporters.JUnitReportReporter -->
<testsuite skipped="0" hostname="Jayarees-MacBook-Pro.local" name="Stepdef.Maidenhead.MAISMO14_Wallet_balance_same_on_registration" tests="8" failures="0" timestamp="11 Feb 2020 12:32:47 GMT" time="109.974" errors="0">
  <testcase name="i_am_a_user_of_Axate_and_I_am_on_the_registration_page_through_popbitch_FUN" time="29.693" classname="Stepdef.Maidenhead.MAISMO14_Wallet_balance_same_on_registration"/>
  <testcase name="i_register_successfully_on_popbitch_with_three_pound" time="25.100" classname="Stepdef.Maidenhead.MAISMO14_Wallet_balance_same_on_registration"/>
  <testcase name="i_check_in_wallet_balance_on_Maidenhead" time="18.252" classname="Stepdef.Maidenhead.MAISMO14_Wallet_balance_same_on_registration"/>
  <testcase name="i_navigate_to_slough" time="14.702" classname="Stepdef.Maidenhead.MAISMO14_Wallet_balance_same_on_registration"/>
  <testcase name="i_check_in_wallet_balance_on_slough" time="4.146" classname="Stepdef.Maidenhead.MAISMO14_Wallet_balance_same_on_registration"/>
  <testcase name="i_navigate_to_windsor" time="13.947" classname="Stepdef.Maidenhead.MAISMO14_Wallet_balance_same_on_registration"/>
  <testcase name="i_check_in_wallet_balance_on_windsor" time="4.134" classname="Stepdef.Maidenhead.MAISMO14_Wallet_balance_same_on_registration"/>
  <testcase name="the_wallet_balance_is_same_across_the_publications" time="0.000" classname="Stepdef.Maidenhead.MAISMO14_Wallet_balance_same_on_registration"/>
</testsuite> <!-- Stepdef.Maidenhead.MAISMO14_Wallet_balance_same_on_registration -->
