<?xml version="1.0" encoding="UTF-8"?>
<!-- Generated by org.testng.reporters.JUnitReportReporter -->
<testsuite skipped="0" hostname="Jayarees-MacBook-Pro.local" name="Stepdef.Maidenhead.MAISMO01_maidenhead_register_from_first_use_notice" tests="1" failures="0" timestamp="21 Aug 2020 12:06:46 GMT" time="0.010" errors="1">
  <testcase name="i_am_a_user_of_Axate_and_I_am_on_the_registration_page_through_maidenhead_FUN" time="0.010" classname="Stepdef.Maidenhead.MAISMO01_maidenhead_register_from_first_use_notice">
    <error type="java.lang.Error" message="Unresolved compilation problem: 
	The method safari() is undefined for the type DesiredCapabilities
">
      <![CDATA[java.lang.Error: Unresolved compilation problem: 
The method safari() is undefined for the type DesiredCapabilities

at Stepdef.Maidenhead.MAISMO01_maidenhead_register_from_first_use_notice.i_am_a_user_of_Axate_and_I_am_on_the_registration_page_through_maidenhead_FUN(MAISMO01_maidenhead_register_from_first_use_notice.java:27)
at sun.reflect.NativeMethodAccessorImpl.invoke0(Native Method)
at sun.reflect.NativeMethodAccessorImpl.invoke(NativeMethodAccessorImpl.java:62)
at sun.reflect.DelegatingMethodAccessorImpl.invoke(DelegatingMethodAccessorImpl.java:43)
at java.lang.reflect.Method.invoke(Method.java:498)
at org.testng.internal.MethodInvocationHelper.invokeMethod(MethodInvocationHelper.java:124)
at org.testng.internal.Invoker.invokeMethod(Invoker.java:583)
at org.testng.internal.Invoker.invokeTestMethod(Invoker.java:719)
at org.testng.internal.Invoker.invokeTestMethods(Invoker.java:989)
at org.testng.internal.TestMethodWorker.invokeTestMethods(TestMethodWorker.java:125)
at org.testng.internal.TestMethodWorker.run(TestMethodWorker.java:109)
at org.testng.TestRunner.privateRun(TestRunner.java:648)
at org.testng.TestRunner.run(TestRunner.java:505)
at org.testng.SuiteRunner.runTest(SuiteRunner.java:455)
at org.testng.SuiteRunner.runSequentially(SuiteRunner.java:450)
at org.testng.SuiteRunner.privateRun(SuiteRunner.java:415)
at org.testng.SuiteRunner.run(SuiteRunner.java:364)
at org.testng.SuiteRunnerWorker.runSuite(SuiteRunnerWorker.java:52)
at org.testng.SuiteRunnerWorker.run(SuiteRunnerWorker.java:84)
at org.testng.TestNG.runSuitesSequentially(TestNG.java:1208)
at org.testng.TestNG.runSuitesLocally(TestNG.java:1137)
at org.testng.TestNG.runSuites(TestNG.java:1049)
at org.testng.TestNG.run(TestNG.java:1017)
at org.testng.remote.AbstractRemoteTestNG.run(AbstractRemoteTestNG.java:114)
at org.testng.remote.RemoteTestNG.initAndRun(RemoteTestNG.java:251)
at org.testng.remote.RemoteTestNG.main(RemoteTestNG.java:77)
]]>
    </error>
  </testcase> <!-- i_am_a_user_of_Axate_and_I_am_on_the_registration_page_through_maidenhead_FUN -->
</testsuite> <!-- Stepdef.Maidenhead.MAISMO01_maidenhead_register_from_first_use_notice -->
