<?xml version="1.0" encoding="UTF-8"?>
<!-- Generated by org.testng.reporters.JUnitReportReporter -->
<testsuite skipped="0" hostname="Jayarees-MacBook-Pro.local" name="Stepdef.Maidenhead.POPSMO13_maidenhead_User_Registers_with_Country_As_US" tests="8" failures="0" timestamp="11 Feb 2020 12:38:20 GMT" time="78.888" errors="0">
  <testcase name="i_am_a_user_of_Axate_and_I_am_on_the_registration_page_through_maidenhead_FUN" time="34.257" classname="Stepdef.Maidenhead.POPSMO13_maidenhead_User_Registers_with_Country_As_US"/>
  <testcase name="i_enter_all_the_required_details_on_step_one_and_click_on_continue" time="20.859" classname="Stepdef.Maidenhead.POPSMO13_maidenhead_User_Registers_with_Country_As_US"/>
  <testcase name="i_click_on_one_pound_on_regpage_two" time="0.001" classname="Stepdef.Maidenhead.POPSMO13_maidenhead_User_Registers_with_Country_As_US"/>
  <testcase name="enter_valid_card_details" time="3.644" classname="Stepdef.Maidenhead.POPSMO13_maidenhead_User_Registers_with_Country_As_US"/>
  <testcase name="i_select_country_as_United_states_from_the_drop_down_on_reg_page_two" time="0.171" classname="Stepdef.Maidenhead.POPSMO13_maidenhead_User_Registers_with_Country_As_US"/>
  <testcase name="i_enter_state_as_Alaska" time="0.083" classname="Stepdef.Maidenhead.POPSMO13_maidenhead_User_Registers_with_Country_As_US"/>
  <testcase name="i_enter_Zipcode" time="0.206" classname="Stepdef.Maidenhead.POPSMO13_maidenhead_User_Registers_with_Country_As_US"/>
  <testcase name="country_in_the_personal_information_page_in_the_account_page_is_united_states" time="19.667" classname="Stepdef.Maidenhead.POPSMO13_maidenhead_User_Registers_with_Country_As_US"/>
</testsuite> <!-- Stepdef.Maidenhead.POPSMO13_maidenhead_User_Registers_with_Country_As_US -->
