<?xml version="1.0" encoding="UTF-8"?>
<!-- Generated by org.testng.reporters.JUnitReportReporter -->
<testsuite skipped="0" hostname="Jayarees-MacBook-Pro.local" name="Stepdef.Maidenhead.POPSMO10_maidenhead_Sucessful_user_registration_with_an_empty_wallet_on_skipping_payment" tests="5" failures="0" timestamp="22 Nov 2019 14:44:04 GMT" time="29.571" errors="0">
  <testcase name="i_am_a_user_of_Axate_and_I_am_on_the_registration_page_through_maidenhead_FUN" time="8.955" classname="Stepdef.Maidenhead.POPSMO10_maidenhead_Sucessful_user_registration_with_an_empty_wallet_on_skipping_payment"/>
  <testcase name="i_enter_all_the_required_details_on_step_one_and_click_on_continue" time="12.566" classname="Stepdef.Maidenhead.POPSMO10_maidenhead_Sucessful_user_registration_with_an_empty_wallet_on_skipping_payment"/>
  <testcase name="i_skip_the_payment_and_navigating_to_a_premium_article_on_maidenhead" time="1.638" classname="Stepdef.Maidenhead.POPSMO10_maidenhead_Sucessful_user_registration_with_an_empty_wallet_on_skipping_payment"/>
  <testcase name="i_get_an_unfunded_axate_wallet_with_zero_pounds_in_it" time="4.172" classname="Stepdef.Maidenhead.POPSMO10_maidenhead_Sucessful_user_registration_with_an_empty_wallet_on_skipping_payment"/>
  <testcase name="an_ADD_funds_notice_is_displayed" time="2.240" classname="Stepdef.Maidenhead.POPSMO10_maidenhead_Sucessful_user_registration_with_an_empty_wallet_on_skipping_payment"/>
</testsuite> <!-- Stepdef.Maidenhead.POPSMO10_maidenhead_Sucessful_user_registration_with_an_empty_wallet_on_skipping_payment -->
