<?xml version="1.0" encoding="UTF-8"?>
<!-- Generated by org.testng.reporters.JUnitReportReporter -->
<testsuite skipped="0" hostname="Jayarees-MacBook-Pro.local" name="Stepdef.Add_Funds" tests="1" failures="0" timestamp="25 Oct 2019 11:35:37 GMT" time="67.809" errors="0">
  <testcase name="Add_Funds_from_Add_Funds_Notice" time="67.809" classname="Stepdef.Add_Funds"/>
</testsuite> <!-- Stepdef.Add_Funds -->
