<?xml version="1.0" encoding="UTF-8"?>
<!-- Generated by org.testng.reporters.JUnitReportReporter -->
<testsuite skipped="0" hostname="Jayarees-MacBook-Pro.local" name="Stepdef.Popbitch.Popbitch_register_from_first_use_notice" tests="12" failures="0" timestamp="18 Nov 2019 15:47:08 GMT" time="72.891" errors="0">
  <testcase name="i_am_a_user_of_Axate_and_I_am_on_the_registration_page_through_popbitch_FUN" time="9.066" classname="Stepdef.Popbitch.Popbitch_register_from_first_use_notice"/>
  <testcase name="i_am_a_user_of_Axate_and_I_am_on_the_registration_page_through_popbitch_FUN" time="7.370" classname="Stepdef.Popbitch.Popbitch_register_from_first_use_notice"/>
  <testcase name="i_enter_all_the_required_details_on_step_one_and_click_on_continue" time="13.631" classname="Stepdef.Popbitch.Popbitch_register_from_first_use_notice"/>
  <testcase name="i_enter_all_the_required_details_on_step_one_and_click_on_continue" time="13.406" classname="Stepdef.Popbitch.Popbitch_register_from_first_use_notice"/>
  <testcase name="top_up_with_a_valid_card_in_steptwo_with_one_pound_and_click_on_continue" time="3.805" classname="Stepdef.Popbitch.Popbitch_register_from_first_use_notice"/>
  <testcase name="top_up_with_a_valid_card_in_steptwo_with_one_pound_and_click_on_continue" time="3.777" classname="Stepdef.Popbitch.Popbitch_register_from_first_use_notice"/>
  <testcase name="i_get_a_funded_axate_wallet_with_one_pound_in_it" time="8.576" classname="Stepdef.Popbitch.Popbitch_register_from_first_use_notice"/>
  <testcase name="i_get_a_funded_axate_wallet_with_one_pound_in_it" time="9.322" classname="Stepdef.Popbitch.Popbitch_register_from_first_use_notice"/>
  <testcase name="navigated_to_the_same_article" time="0.005" classname="Stepdef.Popbitch.Popbitch_register_from_first_use_notice"/>
  <testcase name="navigated_to_the_same_article" time="0.003" classname="Stepdef.Popbitch.Popbitch_register_from_first_use_notice"/>
  <testcase name="finish_notice_appears" time="3.777" classname="Stepdef.Popbitch.Popbitch_register_from_first_use_notice"/>
  <testcase name="finish_notice_appears" time="0.153" classname="Stepdef.Popbitch.Popbitch_register_from_first_use_notice"/>
</testsuite> <!-- Stepdef.Popbitch.Popbitch_register_from_first_use_notice -->
