<?xml version="1.0" encoding="UTF-8"?>
<!-- Generated by org.testng.reporters.JUnitReportReporter -->
<testsuite skipped="0" hostname="Jayarees-MacBook-Pro.local" name="Stepdef.Cricketer_Register_First_Use_Notice" tests="6" failures="0" timestamp="27 Sep 2019 09:04:20 GMT" time="158.292" errors="0">
  <testcase name="i_am_not_a_user_of_agate_on_cricketer_and_I_open_a_browser" time="1.397" classname="Stepdef.Cricketer_Register_First_Use_Notice"/>
  <testcase name="i_navigate_to_a_premium_article_on_cricketer" time="12.333" classname="Stepdef.Cricketer_Register_First_Use_Notice"/>
  <testcase name="i_click_on_the_create_wallet_button" time="18.447" classname="Stepdef.Cricketer_Register_First_Use_Notice"/>
  <testcase name="i_verify_that_the_create_wallet_button_takes_me_to_the_reg_page" time="12.034" classname="Stepdef.Cricketer_Register_First_Use_Notice"/>
  <testcase name="i_enter_all_the_details_successfully" time="55.649" classname="Stepdef.Cricketer_Register_First_Use_Notice"/>
  <testcase name="i_am_registered_as_an_agate_user_on_cricketer_successfully_and_I_am_shown_a_first_use_notice" time="58.432" classname="Stepdef.Cricketer_Register_First_Use_Notice"/>
</testsuite> <!-- Stepdef.Cricketer_Register_First_Use_Notice -->
