<?xml version="1.0" encoding="UTF-8"?>
<!-- Generated by org.testng.reporters.JUnitReportReporter -->
<testsuite skipped="0" hostname="Jayarees-MacBook-Pro.local" name="Stepdef.Maidenhead.MAISMO15_Wallet_balance_same_on_reading_article" tests="9" failures="0" timestamp="25 Nov 2019 12:08:42 GMT" time="57.692" errors="0">
  <testcase name="i_am_a_user_of_Axate_and_I_am_on_the_registration_page_through_popbitch_FUN" time="9.075" classname="Stepdef.Maidenhead.MAISMO15_Wallet_balance_same_on_reading_article"/>
  <testcase name="i_register_successfully_on_Maidenhead_with_three_pound" time="21.770" classname="Stepdef.Maidenhead.MAISMO15_Wallet_balance_same_on_reading_article"/>
  <testcase name="i_read_an_article_on_Maidenhead" time="6.204" classname="Stepdef.Maidenhead.MAISMO15_Wallet_balance_same_on_reading_article"/>
  <testcase name="i_check_in_wallet_balance_on_Maidenhead" time="6.156" classname="Stepdef.Maidenhead.MAISMO15_Wallet_balance_same_on_reading_article"/>
  <testcase name="i_navigate_to_slough" time="1.347" classname="Stepdef.Maidenhead.MAISMO15_Wallet_balance_same_on_reading_article"/>
  <testcase name="i_check_in_wallet_balance_on_slough" time="6.213" classname="Stepdef.Maidenhead.MAISMO15_Wallet_balance_same_on_reading_article"/>
  <testcase name="i_navigate_to_windsor" time="0.782" classname="Stepdef.Maidenhead.MAISMO15_Wallet_balance_same_on_reading_article"/>
  <testcase name="i_check_in_wallet_balance_on_windsor" time="6.143" classname="Stepdef.Maidenhead.MAISMO15_Wallet_balance_same_on_reading_article"/>
  <testcase name="the_wallet_balance_is_same_across_the_publications" time="0.002" classname="Stepdef.Maidenhead.MAISMO15_Wallet_balance_same_on_reading_article"/>
</testsuite> <!-- Stepdef.Maidenhead.MAISMO15_Wallet_balance_same_on_reading_article -->
